# JRE version: OpenJDK Runtime Environment Temurin-21.0.5+11 (21.0.5+11) (build 21.0.5+11-LTS)
# Java VM: OpenJDK 64-Bit Server VM Temurin-21.0.5+11 (21.0.5+11-LTS, mixed mode, sharing, tiered, compressed oops, compressed class ptrs, parallel gc, windows-amd64)
GC Precious Log:
 CardTable entry size: 512
 CPUs: 4 total, 4 available
 Memory: 3533M
 Large Page Support: Disabled
 NUMA Support: Disabled
 Compressed Oops: Enabled (32-bit)
 Alignments: Space 512K, Generation 512K, Heap 2M
 Heap Min Capacity: 100M
 Heap Initial Capacity: 100M
 Heap Max Capacity: 1G
 Pre-touch: Disabled
 Parallel Workers: 4
Heap:
 PSYoungGen      total 22528K, used 21658K [0x00000000eab00000, 0x00000000ec580000, 0x0000000100000000)
  eden space 22016K, 98% used [0x00000000eab00000,0x00000000ec026b10,0x00000000ec080000)
  from space 512K, 0% used [0x00000000ec500000,0x00000000ec500000,0x00000000ec580000)
  to   space 2048K, 0% used [0x00000000ec180000,0x00000000ec180000,0x00000000ec380000)
 ParOldGen       total 68608K, used 17929K [0x00000000c0000000, 0x00000000c4300000, 0x00000000eab00000)
  object space 68608K, 26% used [0x00000000c0000000,0x00000000c1182658,0x00000000c4300000)
 Metaspace       used 37305K, committed 38464K, reserved 1114112K
  class space    used 3795K, committed 4288K, reserved 1048576K
GC Heap History (20 events):
Event: 28.608 GC heap before
{Heap before GC invocations=7 (full 0):
 PSYoungGen      total 30208K, used 29942K [0x00000000eab00000, 0x00000000ecf80000, 0x0000000100000000)
  eden space 24576K, 100% used [0x00000000eab00000,0x00000000ec300000,0x00000000ec300000)
  from space 5632K, 95% used [0x00000000eca00000,0x00000000ecf3d820,0x00000000ecf80000)
  to   space 5632K, 0% used [0x00000000ec480000,0x00000000ec480000,0x00000000eca00000)
 ParOldGen       total 68608K, used 11064K [0x00000000c0000000, 0x00000000c4300000, 0x00000000eab00000)
  object space 68608K, 16% used [0x00000000c0000000,0x00000000c0ace000,0x00000000c4300000)
 Metaspace       used 19380K, committed 20224K, reserved 1114112K
  class space    used 1924K, committed 2304K, reserved 1048576K
}
Event: 28.618 GC heap after
{Heap after GC invocations=7 (full 0):
 PSYoungGen      total 29184K, used 4690K [0x00000000eab00000, 0x00000000ecc80000, 0x0000000100000000)
  eden space 24064K, 0% used [0x00000000eab00000,0x00000000eab00000,0x00000000ec280000)
  from space 5120K, 91% used [0x00000000ec480000,0x00000000ec9149e0,0x00000000ec980000)
  to   space 3072K, 0% used [0x00000000ec980000,0x00000000ec980000,0x00000000ecc80000)
 ParOldGen       total 68608K, used 12052K [0x00000000c0000000, 0x00000000c4300000, 0x00000000eab00000)
  object space 68608K, 17% used [0x00000000c0000000,0x00000000c0bc51f8,0x00000000c4300000)
 Metaspace       used 19380K, committed 20224K, reserved 1114112K
  class space    used 1924K, committed 2304K, reserved 1048576K
}
Event: 29.078 GC heap before
{Heap before GC invocations=8 (full 0):
 PSYoungGen      total 29184K, used 14191K [0x00000000eab00000, 0x00000000ecc80000, 0x0000000100000000)
  eden space 24064K, 39% used [0x00000000eab00000,0x00000000eb447280,0x00000000ec280000)
  from space 5120K, 91% used [0x00000000ec480000,0x00000000ec9149e0,0x00000000ec980000)
  to   space 3072K, 0% used [0x00000000ec980000,0x00000000ec980000,0x00000000ecc80000)
 ParOldGen       total 68608K, used 12052K [0x00000000c0000000, 0x00000000c4300000, 0x00000000eab00000)
  object space 68608K, 17% used [0x00000000c0000000,0x00000000c0bc51f8,0x00000000c4300000)
 Metaspace       used 20600K, committed 21504K, reserved 1114112K
  class space    used 2073K, committed 2496K, reserved 1048576K
}
Event: 29.088 GC heap after
{Heap after GC invocations=8 (full 0):
 PSYoungGen      total 27136K, used 3071K [0x00000000eab00000, 0x00000000ecd80000, 0x0000000100000000)
  eden space 24064K, 0% used [0x00000000eab00000,0x00000000eab00000,0x00000000ec280000)
  from space 3072K, 99% used [0x00000000ec980000,0x00000000ecc7fec8,0x00000000ecc80000)
  to   space 5632K, 0% used [0x00000000ec280000,0x00000000ec280000,0x00000000ec800000)
 ParOldGen       total 68608K, used 14156K [0x00000000c0000000, 0x00000000c4300000, 0x00000000eab00000)
  object space 68608K, 20% used [0x00000000c0000000,0x00000000c0dd3380,0x00000000c4300000)
 Metaspace       used 20600K, committed 21504K, reserved 1114112K
  class space    used 2073K, committed 2496K, reserved 1048576K
}
Event: 29.088 GC heap before
{Heap before GC invocations=9 (full 1):
 PSYoungGen      total 27136K, used 3071K [0x00000000eab00000, 0x00000000ecd80000, 0x0000000100000000)
  eden space 24064K, 0% used [0x00000000eab00000,0x00000000eab00000,0x00000000ec280000)
  from space 3072K, 99% used [0x00000000ec980000,0x00000000ecc7fec8,0x00000000ecc80000)
  to   space 5632K, 0% used [0x00000000ec280000,0x00000000ec280000,0x00000000ec800000)
 ParOldGen       total 68608K, used 14156K [0x00000000c0000000, 0x00000000c4300000, 0x00000000eab00000)
  object space 68608K, 20% used [0x00000000c0000000,0x00000000c0dd3380,0x00000000c4300000)
 Metaspace       used 20600K, committed 21504K, reserved 1114112K
  class space    used 2073K, committed 2496K, reserved 1048576K
}
Event: 29.227 GC heap after
{Heap after GC invocations=9 (full 1):
 PSYoungGen      total 27136K, used 0K [0x00000000eab00000, 0x00000000ecd80000, 0x0000000100000000)
  eden space 24064K, 0% used [0x00000000eab00000,0x00000000eab00000,0x00000000ec280000)
  from space 3072K, 0% used [0x00000000ec980000,0x00000000ec980000,0x00000000ecc80000)
  to   space 5632K, 0% used [0x00000000ec280000,0x00000000ec280000,0x00000000ec800000)
 ParOldGen       total 68608K, used 12652K [0x00000000c0000000, 0x00000000c4300000, 0x00000000eab00000)
  object space 68608K, 18% used [0x00000000c0000000,0x00000000c0c5b0b0,0x00000000c4300000)
 Metaspace       used 20587K, committed 21504K, reserved 1114112K
  class space    used 2070K, committed 2496K, reserved 1048576K
}
Event: 30.937 GC heap before
{Heap before GC invocations=10 (full 1):
 PSYoungGen      total 27136K, used 23909K [0x00000000eab00000, 0x00000000ecd80000, 0x0000000100000000)
  eden space 24064K, 99% used [0x00000000eab00000,0x00000000ec259790,0x00000000ec280000)
  from space 3072K, 0% used [0x00000000ec980000,0x00000000ec980000,0x00000000ecc80000)
  to   space 5632K, 0% used [0x00000000ec280000,0x00000000ec280000,0x00000000ec800000)
 ParOldGen       total 68608K, used 12652K [0x00000000c0000000, 0x00000000c4300000, 0x00000000eab00000)
  object space 68608K, 18% used [0x00000000c0000000,0x00000000c0c5b0b0,0x00000000c4300000)
 Metaspace       used 22622K, committed 23616K, reserved 1114112K
  class space    used 2258K, committed 2688K, reserved 1048576K
}
Event: 30.942 GC heap after
{Heap after GC invocations=10 (full 1):
 PSYoungGen      total 26624K, used 2774K [0x00000000eab00000, 0x00000000eca00000, 0x0000000100000000)
  eden space 23552K, 0% used [0x00000000eab00000,0x00000000eab00000,0x00000000ec200000)
  from space 3072K, 90% used [0x00000000ec280000,0x00000000ec535bd8,0x00000000ec580000)
  to   space 4096K, 0% used [0x00000000ec600000,0x00000000ec600000,0x00000000eca00000)
 ParOldGen       total 68608K, used 12660K [0x00000000c0000000, 0x00000000c4300000, 0x00000000eab00000)
  object space 68608K, 18% used [0x00000000c0000000,0x00000000c0c5d0b0,0x00000000c4300000)
 Metaspace       used 22622K, committed 23616K, reserved 1114112K
  class space    used 2258K, committed 2688K, reserved 1048576K
}
Event: 32.486 GC heap before
{Heap before GC invocations=11 (full 1):
 PSYoungGen      total 26624K, used 26326K [0x00000000eab00000, 0x00000000eca00000, 0x0000000100000000)
  eden space 23552K, 99% used [0x00000000eab00000,0x00000000ec1fffd8,0x00000000ec200000)
  from space 3072K, 90% used [0x00000000ec280000,0x00000000ec535bd8,0x00000000ec580000)
  to   space 4096K, 0% used [0x00000000ec600000,0x00000000ec600000,0x00000000eca00000)
 ParOldGen       total 68608K, used 12660K [0x00000000c0000000, 0x00000000c4300000, 0x00000000eab00000)
  object space 68608K, 18% used [0x00000000c0000000,0x00000000c0c5d0b0,0x00000000c4300000)
 Metaspace       used 26303K, committed 27328K, reserved 1114112K
  class space    used 2583K, committed 3008K, reserved 1048576K
}
Event: 32.489 GC heap after
{Heap after GC invocations=11 (full 1):
 PSYoungGen      total 24576K, used 1377K [0x00000000eab00000, 0x00000000ec780000, 0x0000000100000000)
  eden space 23040K, 0% used [0x00000000eab00000,0x00000000eab00000,0x00000000ec180000)
  from space 1536K, 89% used [0x00000000ec600000,0x00000000ec758780,0x00000000ec780000)
  to   space 2048K, 0% used [0x00000000ec380000,0x00000000ec380000,0x00000000ec580000)
 ParOldGen       total 68608K, used 12668K [0x00000000c0000000, 0x00000000c4300000, 0x00000000eab00000)
  object space 68608K, 18% used [0x00000000c0000000,0x00000000c0c5f0b0,0x00000000c4300000)
 Metaspace       used 26303K, committed 27328K, reserved 1114112K
  class space    used 2583K, committed 3008K, reserved 1048576K
}
Event: 33.520 GC heap before
{Heap before GC invocations=12 (full 1):
 PSYoungGen      total 24576K, used 24417K [0x00000000eab00000, 0x00000000ec780000, 0x0000000100000000)
  eden space 23040K, 100% used [0x00000000eab00000,0x00000000ec180000,0x00000000ec180000)
  from space 1536K, 89% used [0x00000000ec600000,0x00000000ec758780,0x00000000ec780000)
  to   space 2048K, 0% used [0x00000000ec380000,0x00000000ec380000,0x00000000ec580000)
 ParOldGen       total 68608K, used 12668K [0x00000000c0000000, 0x00000000c4300000, 0x00000000eab00000)
  object space 68608K, 18% used [0x00000000c0000000,0x00000000c0c5f0b0,0x00000000c4300000)
 Metaspace       used 29334K, committed 30272K, reserved 1114112K
  class space    used 2901K, committed 3264K, reserved 1048576K
}
Event: 33.526 GC heap after
{Heap after GC invocations=12 (full 1):
 PSYoungGen      total 24064K, used 1381K [0x00000000eab00000, 0x00000000ec680000, 0x0000000100000000)
  eden space 22528K, 0% used [0x00000000eab00000,0x00000000eab00000,0x00000000ec100000)
  from space 1536K, 89% used [0x00000000ec380000,0x00000000ec4d9680,0x00000000ec500000)
  to   space 1536K, 0% used [0x00000000ec500000,0x00000000ec500000,0x00000000ec680000)
 ParOldGen       total 68608K, used 14676K [0x00000000c0000000, 0x00000000c4300000, 0x00000000eab00000)
  object space 68608K, 21% used [0x00000000c0000000,0x00000000c0e55140,0x00000000c4300000)
 Metaspace       used 29334K, committed 30272K, reserved 1114112K
  class space    used 2901K, committed 3264K, reserved 1048576K
}
Event: 34.864 GC heap before
{Heap before GC invocations=13 (full 1):
 PSYoungGen      total 24064K, used 23909K [0x00000000eab00000, 0x00000000ec680000, 0x0000000100000000)
  eden space 22528K, 100% used [0x00000000eab00000,0x00000000ec100000,0x00000000ec100000)
  from space 1536K, 89% used [0x00000000ec380000,0x00000000ec4d9680,0x00000000ec500000)
  to   space 1536K, 0% used [0x00000000ec500000,0x00000000ec500000,0x00000000ec680000)
 ParOldGen       total 68608K, used 14676K [0x00000000c0000000, 0x00000000c4300000, 0x00000000eab00000)
  object space 68608K, 21% used [0x00000000c0000000,0x00000000c0e55140,0x00000000c4300000)
 Metaspace       used 30234K, committed 31232K, reserved 1114112K
  class space    used 2983K, committed 3392K, reserved 1048576K
}
Event: 34.867 GC heap after
{Heap after GC invocations=13 (full 1):
 PSYoungGen      total 23040K, used 578K [0x00000000eab00000, 0x00000000ec600000, 0x0000000100000000)
  eden space 22016K, 0% used [0x00000000eab00000,0x00000000eab00000,0x00000000ec080000)
  from space 1024K, 56% used [0x00000000ec500000,0x00000000ec590a00,0x00000000ec600000)
  to   space 1024K, 0% used [0x00000000ec400000,0x00000000ec400000,0x00000000ec500000)
 ParOldGen       total 68608K, used 15953K [0x00000000c0000000, 0x00000000c4300000, 0x00000000eab00000)
  object space 68608K, 23% used [0x00000000c0000000,0x00000000c0f94710,0x00000000c4300000)
 Metaspace       used 30234K, committed 31232K, reserved 1114112K
  class space    used 2983K, committed 3392K, reserved 1048576K
}
Event: 41.304 GC heap before
{Heap before GC invocations=14 (full 1):
 PSYoungGen      total 23040K, used 22594K [0x00000000eab00000, 0x00000000ec600000, 0x0000000100000000)
  eden space 22016K, 100% used [0x00000000eab00000,0x00000000ec080000,0x00000000ec080000)
  from space 1024K, 56% used [0x00000000ec500000,0x00000000ec590a00,0x00000000ec600000)
  to   space 1024K, 0% used [0x00000000ec400000,0x00000000ec400000,0x00000000ec500000)
 ParOldGen       total 68608K, used 15953K [0x00000000c0000000, 0x00000000c4300000, 0x00000000eab00000)
  object space 68608K, 23% used [0x00000000c0000000,0x00000000c0f94710,0x00000000c4300000)
 Metaspace       used 32212K, committed 33216K, reserved 1114112K
  class space    used 3172K, committed 3584K, reserved 1048576K
}
Event: 41.329 GC heap after
{Heap after GC invocations=14 (full 1):
 PSYoungGen      total 23040K, used 992K [0x00000000eab00000, 0x00000000ec580000, 0x0000000100000000)
  eden space 22016K, 0% used [0x00000000eab00000,0x00000000eab00000,0x00000000ec080000)
  from space 1024K, 96% used [0x00000000ec400000,0x00000000ec4f8108,0x00000000ec500000)
  to   space 512K, 0% used [0x00000000ec500000,0x00000000ec500000,0x00000000ec580000)
 ParOldGen       total 68608K, used 16710K [0x00000000c0000000, 0x00000000c4300000, 0x00000000eab00000)
  object space 68608K, 24% used [0x00000000c0000000,0x00000000c1051800,0x00000000c4300000)
 Metaspace       used 32212K, committed 33216K, reserved 1114112K
  class space    used 3172K, committed 3584K, reserved 1048576K
}
Event: 43.460 GC heap before
{Heap before GC invocations=15 (full 1):
 PSYoungGen      total 23040K, used 21382K [0x00000000eab00000, 0x00000000ec580000, 0x0000000100000000)
  eden space 22016K, 92% used [0x00000000eab00000,0x00000000ebee9ad0,0x00000000ec080000)
  from space 1024K, 96% used [0x00000000ec400000,0x00000000ec4f8108,0x00000000ec500000)
  to   space 512K, 0% used [0x00000000ec500000,0x00000000ec500000,0x00000000ec580000)
 ParOldGen       total 68608K, used 16710K [0x00000000c0000000, 0x00000000c4300000, 0x00000000eab00000)
  object space 68608K, 24% used [0x00000000c0000000,0x00000000c1051800,0x00000000c4300000)
 Metaspace       used 34810K, committed 35840K, reserved 1114112K
  class space    used 3476K, committed 3904K, reserved 1048576K
}
Event: 43.465 GC heap after
{Heap after GC invocations=15 (full 1):
 PSYoungGen      total 22528K, used 512K [0x00000000eab00000, 0x00000000ec580000, 0x0000000100000000)
  eden space 22016K, 0% used [0x00000000eab00000,0x00000000eab00000,0x00000000ec080000)
  from space 512K, 100% used [0x00000000ec500000,0x00000000ec580000,0x00000000ec580000)
  to   space 2048K, 0% used [0x00000000ec180000,0x00000000ec180000,0x00000000ec380000)
 ParOldGen       total 68608K, used 17892K [0x00000000c0000000, 0x00000000c4300000, 0x00000000eab00000)
  object space 68608K, 26% used [0x00000000c0000000,0x00000000c1179198,0x00000000c4300000)
 Metaspace       used 34810K, committed 35840K, reserved 1114112K
  class space    used 3476K, committed 3904K, reserved 1048576K
}
Event: 43.465 GC heap before
{Heap before GC invocations=16 (full 2):
 PSYoungGen      total 22528K, used 512K [0x00000000eab00000, 0x00000000ec580000, 0x0000000100000000)
  eden space 22016K, 0% used [0x00000000eab00000,0x00000000eab00000,0x00000000ec080000)
  from space 512K, 100% used [0x00000000ec500000,0x00000000ec580000,0x00000000ec580000)
  to   space 2048K, 0% used [0x00000000ec180000,0x00000000ec180000,0x00000000ec380000)
 ParOldGen       total 68608K, used 17892K [0x00000000c0000000, 0x00000000c4300000, 0x00000000eab00000)
  object space 68608K, 26% used [0x00000000c0000000,0x00000000c1179198,0x00000000c4300000)
 Metaspace       used 34810K, committed 35840K, reserved 1114112K
  class space    used 3476K, committed 3904K, reserved 1048576K
}
Event: 43.555 GC heap after
{Heap after GC invocations=16 (full 2):
 PSYoungGen      total 22528K, used 0K [0x00000000eab00000, 0x00000000ec580000, 0x0000000100000000)
  eden space 22016K, 0% used [0x00000000eab00000,0x00000000eab00000,0x00000000ec080000)
  from space 512K, 0% used [0x00000000ec500000,0x00000000ec500000,0x00000000ec580000)
  to   space 2048K, 0% used [0x00000000ec180000,0x00000000ec180000,0x00000000ec380000)
 ParOldGen       total 68608K, used 17929K [0x00000000c0000000, 0x00000000c4300000, 0x00000000eab00000)
  object space 68608K, 26% used [0x00000000c0000000,0x00000000c1182658,0x00000000c4300000)
 Metaspace       used 34810K, committed 35840K, reserved 1114112K
  class space    used 3476K, committed 3904K, reserved 1048576K
}

