# JRE version: OpenJDK Runtime Environment Temurin-21.0.5+11 (21.0.5+11) (build 21.0.5+11-LTS)
# Java VM: OpenJDK 64-Bit Server VM Temurin-21.0.5+11 (21.0.5+11-LTS, mixed mode, sharing, tiered, compressed oops, compressed class ptrs, parallel gc, windows-amd64)
GC Precious Log:
 CardTable entry size: 512
 CPUs: 4 total, 4 available
 Memory: 3533M
 Large Page Support: Disabled
 NUMA Support: Disabled
 Compressed Oops: Enabled (32-bit)
 Alignments: Space 512K, Generation 512K, Heap 2M
 Heap Min Capacity: 100M
 Heap Initial Capacity: 100M
 Heap Max Capacity: 1G
 Pre-touch: Disabled
 Parallel Workers: 4
Heap:
 PSYoungGen      total 17920K, used 10036K [0x00000000eab00000, 0x00000000ec180000, 0x0000000100000000)
  eden space 16896K, 55% used [0x00000000eab00000,0x00000000eb43d3c8,0x00000000ebb80000)
  from space 1024K, 56% used [0x00000000ec080000,0x00000000ec110000,0x00000000ec180000)
  to   space 1536K, 0% used [0x00000000ebe80000,0x00000000ebe80000,0x00000000ec000000)
 ParOldGen       total 68608K, used 65832K [0x00000000c0000000, 0x00000000c4300000, 0x00000000eab00000)
  object space 68608K, 95% used [0x00000000c0000000,0x00000000c404a1f0,0x00000000c4300000)
 Metaspace       used 43432K, committed 44352K, reserved 1114112K
  class space    used 4184K, committed 4608K, reserved 1048576K
GC Heap History (20 events):
Event: 65.929 GC heap before
{Heap before GC invocations=25 (full 2):
 PSYoungGen      total 24576K, used 24260K [0x00000000eab00000, 0x00000000ec900000, 0x0000000100000000)
  eden space 20992K, 99% used [0x00000000eab00000,0x00000000ebf7ffd0,0x00000000ebf80000)
  from space 3584K, 91% used [0x00000000ec580000,0x00000000ec8b1340,0x00000000ec900000)
  to   space 4096K, 0% used [0x00000000ec100000,0x00000000ec100000,0x00000000ec500000)
 ParOldGen       total 68608K, used 34637K [0x00000000c0000000, 0x00000000c4300000, 0x00000000eab00000)
  object space 68608K, 50% used [0x00000000c0000000,0x00000000c21d3568,0x00000000c4300000)
 Metaspace       used 42256K, committed 43200K, reserved 1114112K
  class space    used 4099K, committed 4544K, reserved 1048576K
}
Event: 65.935 GC heap after
{Heap after GC invocations=25 (full 2):
 PSYoungGen      total 22528K, used 1216K [0x00000000eab00000, 0x00000000ec600000, 0x0000000100000000)
  eden space 20992K, 0% used [0x00000000eab00000,0x00000000eab00000,0x00000000ebf80000)
  from space 1536K, 79% used [0x00000000ec100000,0x00000000ec230038,0x00000000ec280000)
  to   space 2560K, 0% used [0x00000000ec380000,0x00000000ec380000,0x00000000ec600000)
 ParOldGen       total 68608K, used 35662K [0x00000000c0000000, 0x00000000c4300000, 0x00000000eab00000)
  object space 68608K, 51% used [0x00000000c0000000,0x00000000c22d3b78,0x00000000c4300000)
 Metaspace       used 42256K, committed 43200K, reserved 1114112K
  class space    used 4099K, committed 4544K, reserved 1048576K
}
Event: 66.817 GC heap before
{Heap before GC invocations=26 (full 2):
 PSYoungGen      total 22528K, used 22208K [0x00000000eab00000, 0x00000000ec600000, 0x0000000100000000)
  eden space 20992K, 100% used [0x00000000eab00000,0x00000000ebf80000,0x00000000ebf80000)
  from space 1536K, 79% used [0x00000000ec100000,0x00000000ec230038,0x00000000ec280000)
  to   space 2560K, 0% used [0x00000000ec380000,0x00000000ec380000,0x00000000ec600000)
 ParOldGen       total 68608K, used 35662K [0x00000000c0000000, 0x00000000c4300000, 0x00000000eab00000)
  object space 68608K, 51% used [0x00000000c0000000,0x00000000c22d3b78,0x00000000c4300000)
 Metaspace       used 42583K, committed 43456K, reserved 1114112K
  class space    used 4126K, committed 4544K, reserved 1048576K
}
Event: 66.825 GC heap after
{Heap after GC invocations=26 (full 2):
 PSYoungGen      total 20992K, used 2530K [0x00000000eab00000, 0x00000000ecc80000, 0x0000000100000000)
  eden space 18432K, 0% used [0x00000000eab00000,0x00000000eab00000,0x00000000ebd00000)
  from space 2560K, 98% used [0x00000000ec380000,0x00000000ec5f88d0,0x00000000ec600000)
  to   space 6656K, 0% used [0x00000000ebd00000,0x00000000ebd00000,0x00000000ec380000)
 ParOldGen       total 68608K, used 38762K [0x00000000c0000000, 0x00000000c4300000, 0x00000000eab00000)
  object space 68608K, 56% used [0x00000000c0000000,0x00000000c25daba0,0x00000000c4300000)
 Metaspace       used 42583K, committed 43456K, reserved 1114112K
  class space    used 4126K, committed 4544K, reserved 1048576K
}
Event: 67.167 GC heap before
{Heap before GC invocations=27 (full 2):
 PSYoungGen      total 20992K, used 20459K [0x00000000eab00000, 0x00000000ecc80000, 0x0000000100000000)
  eden space 18432K, 97% used [0x00000000eab00000,0x00000000ebc82700,0x00000000ebd00000)
  from space 2560K, 98% used [0x00000000ec380000,0x00000000ec5f88d0,0x00000000ec600000)
  to   space 6656K, 0% used [0x00000000ebd00000,0x00000000ebd00000,0x00000000ec380000)
 ParOldGen       total 68608K, used 40525K [0x00000000c0000000, 0x00000000c4300000, 0x00000000eab00000)
  object space 68608K, 59% used [0x00000000c0000000,0x00000000c27934d0,0x00000000c4300000)
 Metaspace       used 42745K, committed 43712K, reserved 1114112K
  class space    used 4136K, committed 4608K, reserved 1048576K
}
Event: 67.172 GC heap after
{Heap after GC invocations=27 (full 2):
 PSYoungGen      total 25088K, used 3317K [0x00000000eab00000, 0x00000000ec880000, 0x0000000100000000)
  eden space 18432K, 0% used [0x00000000eab00000,0x00000000eab00000,0x00000000ebd00000)
  from space 6656K, 49% used [0x00000000ebd00000,0x00000000ec03d4f0,0x00000000ec380000)
  to   space 4608K, 0% used [0x00000000ec400000,0x00000000ec400000,0x00000000ec880000)
 ParOldGen       total 68608K, used 42626K [0x00000000c0000000, 0x00000000c4300000, 0x00000000eab00000)
  object space 68608K, 62% used [0x00000000c0000000,0x00000000c29a08b0,0x00000000c4300000)
 Metaspace       used 42745K, committed 43712K, reserved 1114112K
  class space    used 4136K, committed 4608K, reserved 1048576K
}
Event: 67.862 GC heap before
{Heap before GC invocations=28 (full 2):
 PSYoungGen      total 25088K, used 21749K [0x00000000eab00000, 0x00000000ec880000, 0x0000000100000000)
  eden space 18432K, 100% used [0x00000000eab00000,0x00000000ebd00000,0x00000000ebd00000)
  from space 6656K, 49% used [0x00000000ebd00000,0x00000000ec03d4f0,0x00000000ec380000)
  to   space 4608K, 0% used [0x00000000ec400000,0x00000000ec400000,0x00000000ec880000)
 ParOldGen       total 68608K, used 48833K [0x00000000c0000000, 0x00000000c4300000, 0x00000000eab00000)
  object space 68608K, 71% used [0x00000000c0000000,0x00000000c2fb0470,0x00000000c4300000)
 Metaspace       used 42836K, committed 43840K, reserved 1114112K
  class space    used 4136K, committed 4608K, reserved 1048576K
}
Event: 67.867 GC heap after
{Heap after GC invocations=28 (full 2):
 PSYoungGen      total 19456K, used 514K [0x00000000eab00000, 0x00000000ec500000, 0x0000000100000000)
  eden space 18432K, 0% used [0x00000000eab00000,0x00000000eab00000,0x00000000ebd00000)
  from space 1024K, 50% used [0x00000000ec400000,0x00000000ec480970,0x00000000ec500000)
  to   space 2048K, 0% used [0x00000000ec100000,0x00000000ec100000,0x00000000ec300000)
 ParOldGen       total 68608K, used 49778K [0x00000000c0000000, 0x00000000c4300000, 0x00000000eab00000)
  object space 68608K, 72% used [0x00000000c0000000,0x00000000c309c860,0x00000000c4300000)
 Metaspace       used 42836K, committed 43840K, reserved 1114112K
  class space    used 4136K, committed 4608K, reserved 1048576K
}
Event: 68.547 GC heap before
{Heap before GC invocations=29 (full 2):
 PSYoungGen      total 19456K, used 18172K [0x00000000eab00000, 0x00000000ec500000, 0x0000000100000000)
  eden space 18432K, 95% used [0x00000000eab00000,0x00000000ebc3e940,0x00000000ebd00000)
  from space 1024K, 50% used [0x00000000ec400000,0x00000000ec480970,0x00000000ec500000)
  to   space 2048K, 0% used [0x00000000ec100000,0x00000000ec100000,0x00000000ec300000)
 ParOldGen       total 68608K, used 49778K [0x00000000c0000000, 0x00000000c4300000, 0x00000000eab00000)
  object space 68608K, 72% used [0x00000000c0000000,0x00000000c309c860,0x00000000c4300000)
 Metaspace       used 43012K, committed 43968K, reserved 1114112K
  class space    used 4145K, committed 4608K, reserved 1048576K
}
Event: 68.553 GC heap after
{Heap after GC invocations=29 (full 2):
 PSYoungGen      total 20480K, used 983K [0x00000000eab00000, 0x00000000ec480000, 0x0000000100000000)
  eden space 18432K, 0% used [0x00000000eab00000,0x00000000eab00000,0x00000000ebd00000)
  from space 2048K, 48% used [0x00000000ec100000,0x00000000ec1f5c50,0x00000000ec300000)
  to   space 1536K, 0% used [0x00000000ec300000,0x00000000ec300000,0x00000000ec480000)
 ParOldGen       total 68608K, used 49822K [0x00000000c0000000, 0x00000000c4300000, 0x00000000eab00000)
  object space 68608K, 72% used [0x00000000c0000000,0x00000000c30a7838,0x00000000c4300000)
 Metaspace       used 43012K, committed 43968K, reserved 1114112K
  class space    used 4145K, committed 4608K, reserved 1048576K
}
Event: 68.879 GC heap before
{Heap before GC invocations=30 (full 2):
 PSYoungGen      total 20480K, used 19415K [0x00000000eab00000, 0x00000000ec480000, 0x0000000100000000)
  eden space 18432K, 100% used [0x00000000eab00000,0x00000000ebd00000,0x00000000ebd00000)
  from space 2048K, 48% used [0x00000000ec100000,0x00000000ec1f5c50,0x00000000ec300000)
  to   space 1536K, 0% used [0x00000000ec300000,0x00000000ec300000,0x00000000ec480000)
 ParOldGen       total 68608K, used 49822K [0x00000000c0000000, 0x00000000c4300000, 0x00000000eab00000)
  object space 68608K, 72% used [0x00000000c0000000,0x00000000c30a7838,0x00000000c4300000)
 Metaspace       used 43050K, committed 44032K, reserved 1114112K
  class space    used 4146K, committed 4608K, reserved 1048576K
}
Event: 68.887 GC heap after
{Heap after GC invocations=30 (full 2):
 PSYoungGen      total 19968K, used 1440K [0x00000000eab00000, 0x00000000ec480000, 0x0000000100000000)
  eden space 18432K, 0% used [0x00000000eab00000,0x00000000eab00000,0x00000000ebd00000)
  from space 1536K, 93% used [0x00000000ec300000,0x00000000ec468000,0x00000000ec480000)
  to   space 1536K, 0% used [0x00000000ec180000,0x00000000ec180000,0x00000000ec300000)
 ParOldGen       total 68608K, used 52382K [0x00000000c0000000, 0x00000000c4300000, 0x00000000eab00000)
  object space 68608K, 76% used [0x00000000c0000000,0x00000000c3327a08,0x00000000c4300000)
 Metaspace       used 43050K, committed 44032K, reserved 1114112K
  class space    used 4146K, committed 4608K, reserved 1048576K
}
Event: 69.846 GC heap before
{Heap before GC invocations=31 (full 2):
 PSYoungGen      total 19968K, used 19820K [0x00000000eab00000, 0x00000000ec480000, 0x0000000100000000)
  eden space 18432K, 99% used [0x00000000eab00000,0x00000000ebcf3198,0x00000000ebd00000)
  from space 1536K, 93% used [0x00000000ec300000,0x00000000ec468000,0x00000000ec480000)
  to   space 1536K, 0% used [0x00000000ec180000,0x00000000ec180000,0x00000000ec300000)
 ParOldGen       total 68608K, used 52382K [0x00000000c0000000, 0x00000000c4300000, 0x00000000eab00000)
  object space 68608K, 76% used [0x00000000c0000000,0x00000000c3327a08,0x00000000c4300000)
 Metaspace       used 43269K, committed 44224K, reserved 1114112K
  class space    used 4180K, committed 4608K, reserved 1048576K
}
Event: 69.858 GC heap after
{Heap after GC invocations=31 (full 2):
 PSYoungGen      total 19968K, used 1320K [0x00000000eab00000, 0x00000000ec380000, 0x0000000100000000)
  eden space 18432K, 0% used [0x00000000eab00000,0x00000000eab00000,0x00000000ebd00000)
  from space 1536K, 85% used [0x00000000ec180000,0x00000000ec2ca160,0x00000000ec300000)
  to   space 512K, 0% used [0x00000000ec300000,0x00000000ec300000,0x00000000ec380000)
 ParOldGen       total 68608K, used 58853K [0x00000000c0000000, 0x00000000c4300000, 0x00000000eab00000)
  object space 68608K, 85% used [0x00000000c0000000,0x00000000c3979598,0x00000000c4300000)
 Metaspace       used 43269K, committed 44224K, reserved 1114112K
  class space    used 4180K, committed 4608K, reserved 1048576K
}
Event: 70.208 GC heap before
{Heap before GC invocations=32 (full 2):
 PSYoungGen      total 19968K, used 19541K [0x00000000eab00000, 0x00000000ec380000, 0x0000000100000000)
  eden space 18432K, 98% used [0x00000000eab00000,0x00000000ebccb4c8,0x00000000ebd00000)
  from space 1536K, 85% used [0x00000000ec180000,0x00000000ec2ca160,0x00000000ec300000)
  to   space 512K, 0% used [0x00000000ec300000,0x00000000ec300000,0x00000000ec380000)
 ParOldGen       total 68608K, used 58853K [0x00000000c0000000, 0x00000000c4300000, 0x00000000eab00000)
  object space 68608K, 85% used [0x00000000c0000000,0x00000000c3979598,0x00000000c4300000)
 Metaspace       used 43293K, committed 44224K, reserved 1114112K
  class space    used 4180K, committed 4608K, reserved 1048576K
}
Event: 70.211 GC heap after
{Heap after GC invocations=32 (full 2):
 PSYoungGen      total 17408K, used 490K [0x00000000eab00000, 0x00000000ecc00000, 0x0000000100000000)
  eden space 16896K, 0% used [0x00000000eab00000,0x00000000eab00000,0x00000000ebb80000)
  from space 512K, 95% used [0x00000000ec300000,0x00000000ec37aa70,0x00000000ec380000)
  to   space 7680K, 0% used [0x00000000ebb80000,0x00000000ebb80000,0x00000000ec300000)
 ParOldGen       total 68608K, used 64935K [0x00000000c0000000, 0x00000000c4300000, 0x00000000eab00000)
  object space 68608K, 94% used [0x00000000c0000000,0x00000000c3f69f20,0x00000000c4300000)
 Metaspace       used 43293K, committed 44224K, reserved 1114112K
  class space    used 4180K, committed 4608K, reserved 1048576K
}
Event: 70.863 GC heap before
{Heap before GC invocations=33 (full 2):
 PSYoungGen      total 17408K, used 16090K [0x00000000eab00000, 0x00000000ecc00000, 0x0000000100000000)
  eden space 16896K, 92% used [0x00000000eab00000,0x00000000eba3c130,0x00000000ebb80000)
  from space 512K, 95% used [0x00000000ec300000,0x00000000ec37aa70,0x00000000ec380000)
  to   space 7680K, 0% used [0x00000000ebb80000,0x00000000ebb80000,0x00000000ec300000)
 ParOldGen       total 68608K, used 64935K [0x00000000c0000000, 0x00000000c4300000, 0x00000000eab00000)
  object space 68608K, 94% used [0x00000000c0000000,0x00000000c3f69f20,0x00000000c4300000)
 Metaspace       used 43373K, committed 44288K, reserved 1114112K
  class space    used 4181K, committed 4608K, reserved 1048576K
}
Event: 70.870 GC heap after
{Heap after GC invocations=33 (full 2):
 PSYoungGen      total 18432K, used 1056K [0x00000000eab00000, 0x00000000ec380000, 0x0000000100000000)
  eden space 16896K, 0% used [0x00000000eab00000,0x00000000eab00000,0x00000000ebb80000)
  from space 1536K, 68% used [0x00000000ebb80000,0x00000000ebc88000,0x00000000ebd00000)
  to   space 3072K, 0% used [0x00000000ec080000,0x00000000ec080000,0x00000000ec380000)
 ParOldGen       total 68608K, used 65046K [0x00000000c0000000, 0x00000000c4300000, 0x00000000eab00000)
  object space 68608K, 94% used [0x00000000c0000000,0x00000000c3f85a00,0x00000000c4300000)
 Metaspace       used 43373K, committed 44288K, reserved 1114112K
  class space    used 4181K, committed 4608K, reserved 1048576K
}
Event: 71.014 GC heap before
{Heap before GC invocations=34 (full 2):
 PSYoungGen      total 18432K, used 17056K [0x00000000eab00000, 0x00000000ec380000, 0x0000000100000000)
  eden space 16896K, 94% used [0x00000000eab00000,0x00000000ebaa0060,0x00000000ebb80000)
  from space 1536K, 68% used [0x00000000ebb80000,0x00000000ebc88000,0x00000000ebd00000)
  to   space 3072K, 0% used [0x00000000ec080000,0x00000000ec080000,0x00000000ec380000)
 ParOldGen       total 68608K, used 65046K [0x00000000c0000000, 0x00000000c4300000, 0x00000000eab00000)
  object space 68608K, 94% used [0x00000000c0000000,0x00000000c3f85a00,0x00000000c4300000)
 Metaspace       used 43397K, committed 44352K, reserved 1114112K
  class space    used 4182K, committed 4608K, reserved 1048576K
}
Event: 71.021 GC heap after
{Heap after GC invocations=34 (full 2):
 PSYoungGen      total 17920K, used 576K [0x00000000eab00000, 0x00000000ec180000, 0x0000000100000000)
  eden space 16896K, 0% used [0x00000000eab00000,0x00000000eab00000,0x00000000ebb80000)
  from space 1024K, 56% used [0x00000000ec080000,0x00000000ec110000,0x00000000ec180000)
  to   space 1536K, 0% used [0x00000000ebe80000,0x00000000ebe80000,0x00000000ec000000)
 ParOldGen       total 68608K, used 65832K [0x00000000c0000000, 0x00000000c4300000, 0x00000000eab00000)
  object space 68608K, 95% used [0x00000000c0000000,0x00000000c404a1f0,0x00000000c4300000)
 Metaspace       used 43397K, committed 44352K, reserved 1114112K
  class space    used 4182K, committed 4608K, reserved 1048576K
}

