# JRE version: OpenJDK Runtime Environment Temurin-17.0.13+11 (17.0.13+11) (build 17.0.13+11)
# Java VM: OpenJDK 64-Bit Server VM Temurin-17.0.13+11 (17.0.13+11, mixed mode, tiered, compressed oops, compressed class ptrs, parallel gc, windows-amd64)
GC Precious Log:
 CPUs: 4 total, 4 available
 Memory: 3533M
 Large Page Support: Disabled
 NUMA Support: Disabled
 Compressed Oops: Enabled (32-bit)
 Alignments: Space 512K, Generation 512K, Heap 2M
 Heap Min Capacity: 100M
 Heap Initial Capacity: 100M
 Heap Max Capacity: 1G
 Pre-touch: Disabled
 Parallel Workers: 4
Heap:
 PSYoungGen      total 8192K, used 4237K [0x00000000eab00000, 0x00000000eb880000, 0x0000000100000000)
  eden space 4608K, 14% used [0x00000000eab00000,0x00000000eaba3fc8,0x00000000eaf80000)
  from space 3584K, 99% used [0x00000000eaf80000,0x00000000eb2ff528,0x00000000eb300000)
  to   space 4608K, 0% used [0x00000000eb400000,0x00000000eb400000,0x00000000eb880000)
 ParOldGen       total 270336K, used 263600K [0x00000000c0000000, 0x00000000d0800000, 0x00000000eab00000)
  object space 270336K, 97% used [0x00000000c0000000,0x00000000d016c258,0x00000000d0800000)
 Metaspace       used 79142K, committed 80576K, reserved 1179648K
  class space    used 8278K, committed 8896K, reserved 1048576K
GC Heap History (20 events):
Event: 547.856 GC heap before
{Heap before GC invocations=432 (full 17):
 PSYoungGen      total 14336K, used 13905K [0x00000000eab00000, 0x00000000ec280000, 0x0000000100000000)
  eden space 4608K, 100% used [0x00000000eab00000,0x00000000eaf80000,0x00000000eaf80000)
  from space 9728K, 95% used [0x00000000eb100000,0x00000000eba14530,0x00000000eba80000)
  to   space 8192K, 0% used [0x00000000eba80000,0x00000000eba80000,0x00000000ec280000)
 ParOldGen       total 270336K, used 256350K [0x00000000c0000000, 0x00000000d0800000, 0x00000000eab00000)
  object space 270336K, 94% used [0x00000000c0000000,0x00000000cfa57bf0,0x00000000d0800000)
 Metaspace       used 78056K, committed 79488K, reserved 1179648K
  class space    used 8219K, committed 8832K, reserved 1048576K
}
Event: 547.862 GC heap after
{Heap after GC invocations=432 (full 17):
 PSYoungGen      total 9728K, used 5024K [0x00000000eab00000, 0x00000000ebf80000, 0x0000000100000000)
  eden space 4608K, 0% used [0x00000000eab00000,0x00000000eab00000,0x00000000eaf80000)
  from space 5120K, 98% used [0x00000000eba80000,0x00000000ebf683b0,0x00000000ebf80000)
  to   space 6656K, 0% used [0x00000000eb280000,0x00000000eb280000,0x00000000eb900000)
 ParOldGen       total 270336K, used 256350K [0x00000000c0000000, 0x00000000d0800000, 0x00000000eab00000)
  object space 270336K, 94% used [0x00000000c0000000,0x00000000cfa57bf0,0x00000000d0800000)
 Metaspace       used 78056K, committed 79488K, reserved 1179648K
  class space    used 8219K, committed 8832K, reserved 1048576K
}
Event: 578.805 GC heap before
{Heap before GC invocations=433 (full 17):
 PSYoungGen      total 9728K, used 9632K [0x00000000eab00000, 0x00000000ebf80000, 0x0000000100000000)
  eden space 4608K, 100% used [0x00000000eab00000,0x00000000eaf80000,0x00000000eaf80000)
  from space 5120K, 98% used [0x00000000eba80000,0x00000000ebf683b0,0x00000000ebf80000)
  to   space 6656K, 0% used [0x00000000eb280000,0x00000000eb280000,0x00000000eb900000)
 ParOldGen       total 270336K, used 256350K [0x00000000c0000000, 0x00000000d0800000, 0x00000000eab00000)
  object space 270336K, 94% used [0x00000000c0000000,0x00000000cfa57bf0,0x00000000d0800000)
 Metaspace       used 78056K, committed 79552K, reserved 1179648K
  class space    used 8219K, committed 8832K, reserved 1048576K
}
Event: 579.118 GC heap after
{Heap after GC invocations=433 (full 17):
 PSYoungGen      total 7168K, used 2129K [0x00000000eab00000, 0x00000000ebb00000, 0x0000000100000000)
  eden space 4608K, 0% used [0x00000000eab00000,0x00000000eab00000,0x00000000eaf80000)
  from space 2560K, 83% used [0x00000000eb280000,0x00000000eb4944f0,0x00000000eb500000)
  to   space 3584K, 0% used [0x00000000eb780000,0x00000000eb780000,0x00000000ebb00000)
 ParOldGen       total 270336K, used 257083K [0x00000000c0000000, 0x00000000d0800000, 0x00000000eab00000)
  object space 270336K, 95% used [0x00000000c0000000,0x00000000cfb0ee30,0x00000000d0800000)
 Metaspace       used 78056K, committed 79552K, reserved 1179648K
  class space    used 8219K, committed 8832K, reserved 1048576K
}
Event: 2908.981 GC heap before
{Heap before GC invocations=434 (full 17):
 PSYoungGen      total 7168K, used 6737K [0x00000000eab00000, 0x00000000ebb00000, 0x0000000100000000)
  eden space 4608K, 100% used [0x00000000eab00000,0x00000000eaf80000,0x00000000eaf80000)
  from space 2560K, 83% used [0x00000000eb280000,0x00000000eb4944f0,0x00000000eb500000)
  to   space 3584K, 0% used [0x00000000eb780000,0x00000000eb780000,0x00000000ebb00000)
 ParOldGen       total 270336K, used 257083K [0x00000000c0000000, 0x00000000d0800000, 0x00000000eab00000)
  object space 270336K, 95% used [0x00000000c0000000,0x00000000cfb0ee30,0x00000000d0800000)
 Metaspace       used 78144K, committed 79552K, reserved 1179648K
  class space    used 8219K, committed 8832K, reserved 1048576K
}
Event: 2909.118 GC heap after
{Heap after GC invocations=434 (full 17):
 PSYoungGen      total 7680K, used 2689K [0x00000000eab00000, 0x00000000eba80000, 0x0000000100000000)
  eden space 4608K, 0% used [0x00000000eab00000,0x00000000eab00000,0x00000000eaf80000)
  from space 3072K, 87% used [0x00000000eb780000,0x00000000eba20520,0x00000000eba80000)
  to   space 3072K, 0% used [0x00000000eb480000,0x00000000eb480000,0x00000000eb780000)
 ParOldGen       total 270336K, used 257150K [0x00000000c0000000, 0x00000000d0800000, 0x00000000eab00000)
  object space 270336K, 95% used [0x00000000c0000000,0x00000000cfb1fa38,0x00000000d0800000)
 Metaspace       used 78144K, committed 79552K, reserved 1179648K
  class space    used 8219K, committed 8832K, reserved 1048576K
}
Event: 2909.867 GC heap before
{Heap before GC invocations=435 (full 17):
 PSYoungGen      total 7680K, used 7297K [0x00000000eab00000, 0x00000000eba80000, 0x0000000100000000)
  eden space 4608K, 100% used [0x00000000eab00000,0x00000000eaf80000,0x00000000eaf80000)
  from space 3072K, 87% used [0x00000000eb780000,0x00000000eba20520,0x00000000eba80000)
  to   space 3072K, 0% used [0x00000000eb480000,0x00000000eb480000,0x00000000eb780000)
 ParOldGen       total 270336K, used 257150K [0x00000000c0000000, 0x00000000d0800000, 0x00000000eab00000)
  object space 270336K, 95% used [0x00000000c0000000,0x00000000cfb1fa38,0x00000000d0800000)
 Metaspace       used 78219K, committed 79616K, reserved 1179648K
  class space    used 8220K, committed 8832K, reserved 1048576K
}
Event: 2909.881 GC heap after
{Heap after GC invocations=435 (full 17):
 PSYoungGen      total 7680K, used 2769K [0x00000000eab00000, 0x00000000eb800000, 0x0000000100000000)
  eden space 4608K, 0% used [0x00000000eab00000,0x00000000eab00000,0x00000000eaf80000)
  from space 3072K, 90% used [0x00000000eb480000,0x00000000eb7344f0,0x00000000eb780000)
  to   space 512K, 0% used [0x00000000eb780000,0x00000000eb780000,0x00000000eb800000)
 ParOldGen       total 270336K, used 257235K [0x00000000c0000000, 0x00000000d0800000, 0x00000000eab00000)
  object space 270336K, 95% used [0x00000000c0000000,0x00000000cfb34d90,0x00000000d0800000)
 Metaspace       used 78219K, committed 79616K, reserved 1179648K
  class space    used 8220K, committed 8832K, reserved 1048576K
}
Event: 2910.821 GC heap before
{Heap before GC invocations=436 (full 17):
 PSYoungGen      total 7680K, used 7377K [0x00000000eab00000, 0x00000000eb800000, 0x0000000100000000)
  eden space 4608K, 100% used [0x00000000eab00000,0x00000000eaf80000,0x00000000eaf80000)
  from space 3072K, 90% used [0x00000000eb480000,0x00000000eb7344f0,0x00000000eb780000)
  to   space 512K, 0% used [0x00000000eb780000,0x00000000eb780000,0x00000000eb800000)
 ParOldGen       total 270336K, used 257235K [0x00000000c0000000, 0x00000000d0800000, 0x00000000eab00000)
  object space 270336K, 95% used [0x00000000c0000000,0x00000000cfb34d90,0x00000000d0800000)
 Metaspace       used 78325K, committed 79680K, reserved 1179648K
  class space    used 8235K, committed 8832K, reserved 1048576K
}
Event: 2910.872 GC heap after
{Heap after GC invocations=436 (full 17):
 PSYoungGen      total 5120K, used 480K [0x00000000eab00000, 0x00000000eb800000, 0x0000000100000000)
  eden space 4608K, 0% used [0x00000000eab00000,0x00000000eab00000,0x00000000eaf80000)
  from space 512K, 93% used [0x00000000eb780000,0x00000000eb7f8020,0x00000000eb800000)
  to   space 3584K, 0% used [0x00000000eb100000,0x00000000eb100000,0x00000000eb480000)
 ParOldGen       total 270336K, used 259814K [0x00000000c0000000, 0x00000000d0800000, 0x00000000eab00000)
  object space 270336K, 96% used [0x00000000c0000000,0x00000000cfdb98a8,0x00000000d0800000)
 Metaspace       used 78325K, committed 79680K, reserved 1179648K
  class space    used 8235K, committed 8832K, reserved 1048576K
}
Event: 2912.446 GC heap before
{Heap before GC invocations=437 (full 17):
 PSYoungGen      total 5120K, used 5088K [0x00000000eab00000, 0x00000000eb800000, 0x0000000100000000)
  eden space 4608K, 100% used [0x00000000eab00000,0x00000000eaf80000,0x00000000eaf80000)
  from space 512K, 93% used [0x00000000eb780000,0x00000000eb7f8020,0x00000000eb800000)
  to   space 3584K, 0% used [0x00000000eb100000,0x00000000eb100000,0x00000000eb480000)
 ParOldGen       total 270336K, used 259814K [0x00000000c0000000, 0x00000000d0800000, 0x00000000eab00000)
  object space 270336K, 96% used [0x00000000c0000000,0x00000000cfdb98a8,0x00000000d0800000)
 Metaspace       used 78369K, committed 79744K, reserved 1179648K
  class space    used 8237K, committed 8832K, reserved 1048576K
}
Event: 2912.453 GC heap after
{Heap after GC invocations=437 (full 17):
 PSYoungGen      total 8192K, used 1264K [0x00000000eab00000, 0x00000000eb800000, 0x0000000100000000)
  eden space 4608K, 0% used [0x00000000eab00000,0x00000000eab00000,0x00000000eaf80000)
  from space 3584K, 35% used [0x00000000eb100000,0x00000000eb23c050,0x00000000eb480000)
  to   space 2048K, 0% used [0x00000000eb600000,0x00000000eb600000,0x00000000eb800000)
 ParOldGen       total 270336K, used 259838K [0x00000000c0000000, 0x00000000d0800000, 0x00000000eab00000)
  object space 270336K, 96% used [0x00000000c0000000,0x00000000cfdbf8a8,0x00000000d0800000)
 Metaspace       used 78369K, committed 79744K, reserved 1179648K
  class space    used 8237K, committed 8832K, reserved 1048576K
}
Event: 2913.448 GC heap before
{Heap before GC invocations=438 (full 17):
 PSYoungGen      total 8192K, used 5870K [0x00000000eab00000, 0x00000000eb800000, 0x0000000100000000)
  eden space 4608K, 99% used [0x00000000eab00000,0x00000000eaf7f968,0x00000000eaf80000)
  from space 3584K, 35% used [0x00000000eb100000,0x00000000eb23c050,0x00000000eb480000)
  to   space 2048K, 0% used [0x00000000eb600000,0x00000000eb600000,0x00000000eb800000)
 ParOldGen       total 270336K, used 259838K [0x00000000c0000000, 0x00000000d0800000, 0x00000000eab00000)
  object space 270336K, 96% used [0x00000000c0000000,0x00000000cfdbf8a8,0x00000000d0800000)
 Metaspace       used 78677K, committed 80064K, reserved 1179648K
  class space    used 8253K, committed 8832K, reserved 1048576K
}
Event: 2913.456 GC heap after
{Heap after GC invocations=438 (full 17):
 PSYoungGen      total 6656K, used 1760K [0x00000000eab00000, 0x00000000eb800000, 0x0000000100000000)
  eden space 4608K, 0% used [0x00000000eab00000,0x00000000eab00000,0x00000000eaf80000)
  from space 2048K, 85% used [0x00000000eb600000,0x00000000eb7b8040,0x00000000eb800000)
  to   space 2048K, 0% used [0x00000000eb400000,0x00000000eb400000,0x00000000eb600000)
 ParOldGen       total 270336K, used 259846K [0x00000000c0000000, 0x00000000d0800000, 0x00000000eab00000)
  object space 270336K, 96% used [0x00000000c0000000,0x00000000cfdc18a8,0x00000000d0800000)
 Metaspace       used 78677K, committed 80064K, reserved 1179648K
  class space    used 8253K, committed 8832K, reserved 1048576K
}
Event: 2914.680 GC heap before
{Heap before GC invocations=439 (full 17):
 PSYoungGen      total 6656K, used 6368K [0x00000000eab00000, 0x00000000eb800000, 0x0000000100000000)
  eden space 4608K, 100% used [0x00000000eab00000,0x00000000eaf80000,0x00000000eaf80000)
  from space 2048K, 85% used [0x00000000eb600000,0x00000000eb7b8040,0x00000000eb800000)
  to   space 2048K, 0% used [0x00000000eb400000,0x00000000eb400000,0x00000000eb600000)
 ParOldGen       total 270336K, used 259846K [0x00000000c0000000, 0x00000000d0800000, 0x00000000eab00000)
  object space 270336K, 96% used [0x00000000c0000000,0x00000000cfdc18a8,0x00000000d0800000)
 Metaspace       used 78837K, committed 80192K, reserved 1179648K
  class space    used 8265K, committed 8832K, reserved 1048576K
}
Event: 2914.691 GC heap after
{Heap after GC invocations=439 (full 17):
 PSYoungGen      total 6656K, used 2016K [0x00000000eab00000, 0x00000000eb680000, 0x0000000100000000)
  eden space 4608K, 0% used [0x00000000eab00000,0x00000000eab00000,0x00000000eaf80000)
  from space 2048K, 98% used [0x00000000eb400000,0x00000000eb5f8040,0x00000000eb600000)
  to   space 512K, 0% used [0x00000000eb600000,0x00000000eb600000,0x00000000eb680000)
 ParOldGen       total 270336K, used 260519K [0x00000000c0000000, 0x00000000d0800000, 0x00000000eab00000)
  object space 270336K, 96% used [0x00000000c0000000,0x00000000cfe69d68,0x00000000d0800000)
 Metaspace       used 78837K, committed 80192K, reserved 1179648K
  class space    used 8265K, committed 8832K, reserved 1048576K
}
Event: 2914.840 GC heap before
{Heap before GC invocations=440 (full 17):
 PSYoungGen      total 6656K, used 6624K [0x00000000eab00000, 0x00000000eb680000, 0x0000000100000000)
  eden space 4608K, 100% used [0x00000000eab00000,0x00000000eaf80000,0x00000000eaf80000)
  from space 2048K, 98% used [0x00000000eb400000,0x00000000eb5f8040,0x00000000eb600000)
  to   space 512K, 0% used [0x00000000eb600000,0x00000000eb600000,0x00000000eb680000)
 ParOldGen       total 270336K, used 260519K [0x00000000c0000000, 0x00000000d0800000, 0x00000000eab00000)
  object space 270336K, 96% used [0x00000000c0000000,0x00000000cfe69d68,0x00000000d0800000)
 Metaspace       used 78964K, committed 80384K, reserved 1179648K
  class space    used 8267K, committed 8832K, reserved 1048576K
}
Event: 2914.856 GC heap after
{Heap after GC invocations=440 (full 17):
 PSYoungGen      total 5120K, used 480K [0x00000000eab00000, 0x00000000eb680000, 0x0000000100000000)
  eden space 4608K, 0% used [0x00000000eab00000,0x00000000eab00000,0x00000000eaf80000)
  from space 512K, 93% used [0x00000000eb600000,0x00000000eb678020,0x00000000eb680000)
  to   space 3584K, 0% used [0x00000000eaf80000,0x00000000eaf80000,0x00000000eb300000)
 ParOldGen       total 270336K, used 263160K [0x00000000c0000000, 0x00000000d0800000, 0x00000000eab00000)
  object space 270336K, 97% used [0x00000000c0000000,0x00000000d00fe258,0x00000000d0800000)
 Metaspace       used 78964K, committed 80384K, reserved 1179648K
  class space    used 8267K, committed 8832K, reserved 1048576K
}
Event: 2915.089 GC heap before
{Heap before GC invocations=441 (full 17):
 PSYoungGen      total 5120K, used 5088K [0x00000000eab00000, 0x00000000eb680000, 0x0000000100000000)
  eden space 4608K, 100% used [0x00000000eab00000,0x00000000eaf80000,0x00000000eaf80000)
  from space 512K, 93% used [0x00000000eb600000,0x00000000eb678020,0x00000000eb680000)
  to   space 3584K, 0% used [0x00000000eaf80000,0x00000000eaf80000,0x00000000eb300000)
 ParOldGen       total 270336K, used 263160K [0x00000000c0000000, 0x00000000d0800000, 0x00000000eab00000)
  object space 270336K, 97% used [0x00000000c0000000,0x00000000d00fe258,0x00000000d0800000)
 Metaspace       used 79114K, committed 80512K, reserved 1179648K
  class space    used 8277K, committed 8832K, reserved 1048576K
}
Event: 2915.102 GC heap after
{Heap after GC invocations=441 (full 17):
 PSYoungGen      total 8192K, used 3581K [0x00000000eab00000, 0x00000000eb880000, 0x0000000100000000)
  eden space 4608K, 0% used [0x00000000eab00000,0x00000000eab00000,0x00000000eaf80000)
  from space 3584K, 99% used [0x00000000eaf80000,0x00000000eb2ff528,0x00000000eb300000)
  to   space 4608K, 0% used [0x00000000eb400000,0x00000000eb400000,0x00000000eb880000)
 ParOldGen       total 270336K, used 263600K [0x00000000c0000000, 0x00000000d0800000, 0x00000000eab00000)
  object space 270336K, 97% used [0x00000000c0000000,0x00000000d016c258,0x00000000d0800000)
 Metaspace       used 79114K, committed 80512K, reserved 1179648K
  class space    used 8277K, committed 8832K, reserved 1048576K
}

